SF:lib\src\core\auth\auth_failures.dart
DA:3,9
DA:6,0
DA:7,0
DA:12,9
DA:17,9
LF:5
LH:3
end_of_record
SF:lib\src\core\auth\auth_repository.dart
DA:10,1
DA:15,1
DA:17,3
DA:21,1
DA:22,2
DA:29,1
DA:31,3
DA:35,1
DA:36,2
DA:43,1
DA:45,2
DA:46,3
DA:47,2
DA:49,3
DA:50,1
DA:56,10
DA:57,2
DA:58,1
LF:18
LH:18
end_of_record
SF:lib\src\core\models\block.dart
DA:6,9
DA:30,1
DA:31,1
DA:32,1
DA:33,1
DA:34,1
DA:35,1
DA:36,1
DA:40,1
DA:41,1
DA:42,1
DA:43,1
DA:44,1
DA:45,1
DA:46,1
DA:50,1
DA:57,1
DA:58,1
DA:59,1
DA:60,1
DA:61,0
DA:62,1
LF:22
LH:21
end_of_record
SF:lib\src\core\models\routine.dart
DA:6,11
DA:33,2
DA:34,2
DA:35,2
DA:38,4
DA:39,1
DA:40,2
DA:41,2
DA:42,0
DA:45,2
DA:47,2
DA:48,2
DA:49,2
DA:50,2
DA:51,2
DA:52,2
DA:55,10
DA:60,2
DA:61,2
DA:62,2
DA:63,2
DA:64,2
DA:65,4
DA:66,2
DA:68,8
DA:72,3
DA:80,3
DA:81,3
DA:82,3
DA:83,2
DA:84,3
DA:85,3
DA:86,1
LF:33
LH:32
end_of_record
SF:lib\src\core\services\logger_service.dart
DA:19,12
DA:20,4
LF:2
LH:2
end_of_record
SF:lib\src\features\player\data\routine_repository.dart
DA:12,15
DA:17,0
DA:18,0
DA:23,1
DA:26,1
DA:27,2
DA:29,2
DA:30,3
DA:31,4
DA:33,2
DA:40,1
DA:42,2
DA:46,1
DA:47,2
DA:48,2
DA:49,1
DA:51,2
DA:58,1
DA:59,4
DA:61,2
DA:62,2
DA:63,1
DA:64,4
DA:66,3
DA:68,1
DA:69,2
DA:70,0
DA:71,0
DA:72,0
DA:73,0
DA:74,0
DA:75,0
DA:76,0
DA:77,0
DA:78,0
DA:80,0
DA:83,1
DA:84,2
DA:87,2
DA:94,1
DA:95,3
DA:97,2
DA:98,3
DA:100,2
DA:108,0
DA:109,0
DA:110,0
DA:113,15
DA:114,0
DA:115,0
LF:50
LH:33
end_of_record
SF:lib\src\features\player\data\supabase_routine_api.dart
DA:7,0
DA:9,0
DA:11,0
DA:13,0
DA:14,0
DA:15,0
DA:16,0
DA:17,0
DA:21,0
DA:22,0
DA:23,0
DA:24,0
DA:25,0
DA:29,0
DA:32,0
DA:36,0
DA:39,0
DA:40,0
DA:41,0
DA:42,0
DA:43,0
DA:47,0
DA:51,0
DA:55,0
DA:57,0
DA:60,0
DA:62,0
DA:65,0
DA:68,0
LF:29
LH:0
end_of_record
SF:lib\src\core\services\timer_service.dart
DA:22,1
DA:23,2
DA:25,2
DA:27,2
DA:28,4
DA:31,2
DA:33,4
DA:34,2
DA:43,0
DA:44,0
DA:46,0
DA:48,0
DA:51,0
DA:53,0
DA:57,0
DA:58,0
DA:59,0
DA:66,7
DA:67,1
LF:19
LH:10
end_of_record
SF:lib\src\features\dashboard\data\mock_dashboard_repository.dart
DA:9,1
DA:14,1
DA:17,2
DA:21,1
DA:23,2
DA:28,0
DA:29,0
DA:30,0
DA:31,0
LF:9
LH:5
end_of_record
SF:lib\src\features\player\data\mock_routine_repository.dart
DA:9,6
DA:10,2
DA:25,2
DA:39,2
DA:51,2
DA:66,1
DA:68,1
DA:69,1
DA:73,2
DA:75,2
DA:78,10
DA:81,0
DA:83,0
DA:84,0
DA:85,0
DA:87,0
DA:91,0
DA:92,0
DA:99,0
DA:100,0
LF:20
LH:11
end_of_record
SF:lib\src\features\progress\data\mock_progress_repository.dart
DA:33,1
DA:34,1
DA:35,1
DA:36,1
DA:37,1
DA:39,5
DA:41,2
DA:42,1
DA:46,1
DA:47,6
DA:48,1
DA:49,1
DA:53,2
DA:55,12
DA:56,2
DA:57,2
DA:58,2
DA:62,2
DA:63,4
DA:66,2
DA:67,18
DA:68,2
DA:69,2
DA:70,6
DA:73,2
DA:74,8
DA:75,2
DA:78,4
DA:79,2
DA:81,8
DA:82,2
DA:83,4
DA:84,6
DA:85,2
DA:95,1
DA:96,2
DA:101,0
DA:102,0
LF:38
LH:36
end_of_record
SF:lib\src\core\models\user_stats.dart
DA:5,15
DA:16,1
DA:17,3
LF:3
LH:3
end_of_record
SF:lib\src\core\models\user_session.dart
DA:5,5
DA:24,1
DA:25,5
LF:3
LH:3
end_of_record
SF:lib\src\features\progress\data\progress_exception.dart
DA:2,9
DA:5,0
DA:6,0
LF:3
LH:1
end_of_record
SF:lib\src\features\progress\data\progress_repository.dart
DA:14,1
DA:17,1
DA:20,5
DA:21,1
DA:22,1
DA:25,2
DA:27,0
DA:34,1
DA:36,2
DA:37,2
DA:38,1
DA:39,1
DA:40,2
DA:41,2
DA:42,1
DA:44,1
DA:46,0
DA:53,1
DA:54,4
DA:55,2
DA:56,1
DA:57,1
DA:59,2
DA:60,1
DA:62,1
DA:64,1
DA:69,5
DA:70,1
DA:72,1
DA:76,1
DA:78,1
DA:79,1
DA:82,5
DA:83,1
DA:85,1
DA:86,0
DA:89,0
DA:96,1
DA:97,1
DA:99,2
DA:100,2
DA:101,4
DA:102,2
DA:103,1
DA:105,2
DA:106,4
DA:107,1
DA:109,1
DA:111,1
DA:112,0
DA:117,3
DA:118,0
DA:119,0
DA:120,0
DA:122,0
DA:123,0
DA:132,0
DA:133,0
DA:134,0
DA:137,12
DA:138,0
DA:139,0
LF:62
LH:47
end_of_record
SF:lib\src\features\progress\data\supabase_progress_api.dart
DA:7,0
DA:9,0
DA:11,0
DA:14,0
DA:16,0
DA:17,0
DA:19,0
DA:20,0
DA:21,0
DA:22,0
DA:23,0
DA:27,0
DA:29,0
DA:30,0
DA:32,0
DA:33,0
DA:34,0
DA:35,0
DA:36,0
LF:19
LH:0
end_of_record
SF:lib\src\features\auth\presentation\auth_screen.dart
DA:8,2
DA:10,2
DA:11,2
DA:20,1
DA:21,3
DA:23,3
DA:25,4
DA:26,3
DA:27,3
DA:30,1
DA:31,3
DA:32,3
DA:36,1
DA:37,3
DA:42,1
DA:43,3
DA:45,3
DA:47,4
DA:48,3
DA:49,3
DA:51,1
DA:52,3
DA:58,0
DA:59,0
DA:60,0
DA:64,1
DA:65,3
DA:70,2
DA:72,4
DA:73,4
DA:74,2
DA:77,2
DA:79,2
DA:80,2
DA:85,6
DA:87,2
DA:88,2
DA:90,2
DA:91,2
DA:92,2
DA:95,2
DA:96,2
DA:99,8
DA:104,2
DA:106,2
DA:112,1
DA:113,2
DA:120,2
DA:122,2
DA:128,1
DA:129,3
DA:136,2
DA:137,1
DA:138,2
DA:139,2
DA:141,2
DA:145,2
DA:147,2
DA:151,2
DA:152,2
DA:162,2
DA:163,2
DA:164,0
LF:63
LH:59
end_of_record
SF:lib\src\shared\constants\app_icons.dart
DA:7,0
LF:1
LH:0
end_of_record
SF:lib\src\shared\widgets\gradient_button.dart
DA:10,3
DA:18,3
DA:20,3
DA:21,3
DA:22,3
DA:23,3
DA:24,3
DA:25,3
DA:26,6
DA:27,6
DA:32,3
DA:41,3
DA:42,3
DA:43,3
DA:44,3
DA:47,3
DA:48,3
DA:60,3
LF:18
LH:18
end_of_record
SF:lib\src\features\dashboard\presentation\dashboard_screen.dart
DA:12,0
DA:13,0
DA:14,0
DA:18,2
DA:19,1
DA:20,1
DA:21,2
DA:22,3
DA:27,5
DA:30,2
DA:37,2
DA:39,1
DA:41,2
DA:42,2
DA:44,1
DA:46,1
DA:50,1
DA:51,1
DA:52,1
DA:55,0
DA:56,0
DA:59,1
DA:63,1
DA:64,3
DA:69,1
DA:70,1
DA:71,4
DA:72,1
DA:76,1
DA:78,1
DA:80,1
DA:82,1
DA:83,1
DA:84,2
DA:87,1
DA:88,2
DA:97,1
DA:99,0
DA:101,1
DA:104,1
DA:105,0
DA:106,0
DA:117,1
DA:118,1
DA:119,0
DA:120,0
DA:141,1
DA:144,1
DA:146,1
DA:148,1
DA:149,1
DA:150,5
DA:152,1
DA:154,1
DA:156,1
DA:157,1
DA:159,4
DA:160,3
DA:164,1
DA:165,2
DA:166,3
DA:169,1
DA:170,2
DA:171,3
DA:174,1
DA:175,0
DA:176,0
DA:189,1
DA:193,1
DA:195,1
DA:196,1
DA:197,1
DA:198,1
DA:199,3
DA:202,1
DA:203,1
DA:204,3
LF:77
LH:65
end_of_record
SF:lib\src\features\library\presentation\content_library_screen.dart
DA:12,8
DA:13,4
DA:14,6
DA:18,2
DA:19,2
DA:22,4
DA:25,4
DA:26,2
DA:27,2
DA:28,3
DA:29,1
DA:30,2
DA:31,2
DA:35,1
DA:37,5
DA:40,1
DA:44,1
DA:45,2
DA:46,3
DA:48,3
DA:50,1
DA:54,2
DA:56,1
DA:57,1
DA:63,1
DA:65,2
DA:66,1
DA:69,1
DA:71,3
DA:72,3
DA:73,3
DA:75,1
DA:76,1
DA:80,3
DA:82,1
DA:83,1
DA:85,1
DA:87,1
DA:88,1
DA:89,1
DA:90,5
DA:92,1
DA:95,1
DA:96,1
DA:98,1
DA:99,2
DA:100,5
DA:104,1
DA:105,1
DA:113,1
DA:115,1
DA:118,1
DA:119,1
DA:121,3
DA:122,3
DA:127,1
DA:128,1
DA:129,1
DA:130,4
DA:131,1
DA:132,1
DA:137,3
DA:138,3
DA:139,1
DA:142,1
DA:143,1
DA:149,1
DA:150,1
DA:151,1
DA:159,1
DA:160,0
DA:169,1
DA:172,1
DA:174,2
DA:175,2
DA:177,1
DA:179,1
DA:180,3
DA:182,0
DA:183,0
DA:192,1
DA:195,1
DA:198,4
DA:199,1
DA:201,2
DA:202,1
DA:203,0
DA:204,1
DA:205,1
DA:207,1
DA:209,1
DA:210,1
DA:211,4
DA:212,4
DA:213,3
DA:217,1
DA:218,2
DA:219,3
DA:224,1
DA:225,1
DA:226,2
DA:227,3
DA:233,1
DA:235,1
DA:236,1
DA:237,1
DA:240,2
DA:243,2
DA:244,0
DA:245,0
DA:246,0
DA:248,0
DA:249,0
DA:251,0
DA:253,0
DA:254,0
DA:256,0
DA:260,0
DA:261,0
DA:262,0
DA:263,0
DA:266,0
DA:267,0
DA:268,0
DA:276,0
DA:277,0
DA:278,0
LF:127
LH:104
end_of_record
SF:lib\src\features\routine_editor\presentation\routine_editor_controller.dart
DA:8,1
DA:11,1
DA:16,1
DA:17,2
DA:18,1
DA:19,2
DA:20,2
DA:21,3
DA:24,1
DA:25,2
DA:26,1
DA:29,1
DA:30,1
DA:31,3
DA:32,2
DA:33,3
DA:39,2
DA:40,2
DA:41,1
DA:42,2
LF:20
LH:20
end_of_record
SF:lib\src\features\player\presentation\animated_instruction.dart
DA:4,2
DA:13,2
DA:14,2
DA:21,2
DA:23,2
DA:24,4
DA:26,4
DA:27,2
DA:30,1
DA:32,1
DA:33,4
DA:34,4
DA:35,2
DA:39,2
DA:41,4
DA:42,2
DA:45,2
DA:47,2
DA:48,2
DA:49,2
DA:50,2
DA:51,8
DA:52,2
DA:53,10
DA:54,2
DA:55,4
DA:57,6
LF:27
LH:27
end_of_record
SF:lib\src\features\player\presentation\routine_player_controller.dart
DA:13,2
DA:28,2
DA:29,14
DA:30,8
DA:35,1
DA:43,1
DA:44,1
DA:45,1
DA:46,1
DA:47,1
DA:48,1
DA:56,2
DA:58,6
DA:59,6
DA:60,6
DA:61,4
DA:62,2
DA:66,4
DA:68,8
DA:69,8
DA:71,4
DA:72,0
DA:76,0
DA:78,4
DA:80,6
DA:81,2
DA:83,0
DA:84,0
DA:85,0
DA:89,2
DA:90,8
DA:91,2
DA:92,4
DA:93,8
DA:96,1
DA:97,5
DA:98,0
DA:101,2
DA:103,2
DA:104,1
DA:107,5
DA:108,2
DA:109,3
DA:110,3
DA:111,3
DA:113,0
DA:114,0
DA:118,0
DA:119,0
DA:120,0
DA:123,0
DA:125,0
DA:126,0
DA:127,0
DA:128,0
DA:129,0
DA:130,0
DA:132,0
DA:133,0
DA:134,0
DA:135,0
DA:138,1
DA:139,2
DA:140,2
DA:142,2
DA:143,1
DA:144,3
DA:145,3
DA:148,4
DA:149,2
DA:152,1
DA:154,1
DA:159,1
DA:160,2
DA:162,4
DA:163,1
DA:168,4
DA:169,4
LF:78
LH:56
end_of_record
SF:lib\src\features\player\presentation\routine_player_screen.dart
DA:9,1
DA:12,1
DA:14,2
DA:16,5
DA:17,4
DA:18,4
DA:22,1
DA:23,3
DA:24,1
DA:25,5
DA:26,3
DA:27,0
DA:28,0
DA:30,0
DA:31,0
DA:32,0
DA:34,0
DA:41,1
DA:42,2
DA:43,3
DA:46,0
DA:47,0
DA:48,0
DA:49,0
DA:50,0
DA:51,0
DA:55,1
DA:56,1
DA:57,1
DA:59,1
DA:60,3
DA:61,1
DA:62,1
DA:63,1
DA:64,1
DA:66,1
DA:68,1
DA:69,2
DA:70,3
DA:71,1
DA:74,1
DA:75,2
DA:76,2
DA:82,1
DA:83,1
DA:86,1
DA:87,1
DA:88,1
DA:89,1
DA:90,2
DA:94,1
DA:96,1
DA:98,1
DA:100,1
DA:101,1
DA:102,1
DA:104,1
DA:106,1
DA:108,1
LF:59
LH:47
end_of_record
SF:lib\src\features\progress\presentation\progress_screen.dart
DA:9,3
DA:10,1
DA:11,2
DA:12,1
DA:13,1
DA:15,1
DA:21,2
DA:23,1
DA:25,2
DA:27,1
DA:28,1
DA:32,3
DA:34,1
DA:35,1
DA:36,4
DA:37,1
DA:41,1
DA:43,1
DA:45,1
DA:47,1
DA:48,1
DA:49,2
DA:52,1
DA:53,2
DA:63,1
DA:65,3
DA:68,1
DA:69,1
DA:71,3
DA:82,1
DA:86,1
DA:88,1
DA:89,1
DA:90,1
DA:91,1
DA:92,3
DA:95,1
DA:96,1
DA:97,3
DA:106,1
DA:109,1
DA:111,4
DA:112,4
DA:114,1
DA:116,3
DA:117,1
DA:118,1
LF:47
LH:47
end_of_record
SF:lib\src\features\reports\data\report_repository.dart
DA:9,1
DA:12,1
DA:13,2
DA:14,4
DA:16,2
DA:17,1
DA:20,1
DA:21,1
DA:22,3
DA:23,1
DA:24,1
DA:25,1
DA:26,1
DA:27,3
DA:28,3
DA:30,3
DA:33,3
DA:34,2
DA:35,2
DA:36,2
DA:38,1
DA:39,3
DA:41,1
DA:42,1
DA:50,0
DA:51,0
DA:52,0
LF:27
LH:24
end_of_record
SF:lib\src\core\models\report.dart
DA:5,2
DA:20,1
LF:2
LH:2
end_of_record
SF:lib\src\features\reports\presentation\report_controller.dart
DA:7,1
DA:8,1
DA:12,1
DA:13,1
DA:15,2
DA:16,1
DA:19,2
DA:25,0
DA:26,0
DA:27,0
DA:28,0
LF:11
LH:7
end_of_record
SF:lib\main.dart
DA:10,0
DA:11,0
DA:13,0
DA:15,0
DA:16,0
DA:17,0
DA:20,0
DA:24,2
DA:26,1
DA:27,1
DA:31,1
DA:33,1
DA:35,4
DA:38,4
DA:39,0
DA:44,1
DA:46,3
DA:48,1
DA:50,1
DA:53,2
DA:54,1
DA:55,1
DA:56,1
DA:57,1
DA:58,1
DA:59,1
DA:60,1
DA:61,1
DA:62,1
DA:63,1
DA:64,1
DA:65,1
DA:66,1
DA:67,1
DA:68,1
DA:70,1
DA:71,1
DA:72,1
DA:78,1
DA:81,2
DA:82,1
DA:83,1
DA:84,1
DA:85,1
DA:86,1
DA:87,1
DA:88,1
DA:89,1
DA:90,1
DA:91,1
DA:92,1
DA:93,1
DA:94,1
DA:95,1
DA:96,1
DA:98,1
DA:99,1
DA:100,1
LF:58
LH:50
end_of_record
SF:lib\src\core\auth\auth_state_provider.dart
DA:10,4
DA:11,4
LF:2
LH:2
end_of_record
SF:lib\src\core\routing\app_router.dart
DA:17,2
DA:20,4
DA:21,1
DA:22,4
DA:23,2
DA:25,1
DA:28,1
DA:29,2
DA:32,1
DA:35,2
DA:36,2
DA:47,1
DA:48,1
DA:50,0
DA:52,1
DA:54,1
DA:56,1
DA:58,0
DA:60,1
DA:62,0
DA:64,1
DA:66,0
DA:67,0
DA:68,0
DA:71,1
DA:73,0
DA:74,0
DA:75,0
DA:78,1
DA:80,0
DA:82,1
DA:84,0
DA:86,1
DA:88,0
LF:34
LH:22
end_of_record
SF:lib\src\features\reports\presentation\report_editor_screen.dart
DA:11,1
DA:13,0
DA:14,0
DA:23,0
DA:25,0
DA:26,0
DA:27,0
DA:28,0
DA:29,0
DA:32,0
DA:34,0
DA:35,0
DA:36,0
DA:37,0
DA:38,0
DA:40,0
DA:44,0
DA:45,0
DA:46,0
DA:48,0
DA:49,0
DA:50,0
DA:52,0
DA:53,0
DA:54,0
DA:57,0
DA:59,0
DA:61,0
DA:68,0
DA:69,0
DA:70,0
DA:71,0
DA:72,0
DA:73,0
DA:76,0
DA:78,0
DA:79,0
DA:80,0
DA:81,0
DA:82,0
DA:83,0
DA:86,0
DA:87,0
DA:96,0
DA:97,0
DA:98,0
DA:99,0
DA:100,0
DA:101,0
DA:102,0
DA:103,0
DA:104,0
DA:105,0
DA:107,0
DA:112,0
DA:113,0
DA:116,0
DA:117,0
DA:118,0
DA:123,0
DA:124,0
DA:126,0
DA:128,0
DA:129,0
DA:130,0
DA:131,0
DA:132,0
DA:133,0
DA:134,0
DA:141,0
DA:142,0
DA:143,0
DA:144,0
DA:145,0
DA:146,0
DA:147,0
DA:148,0
LF:77
LH:1
end_of_record
SF:lib\src\features\reports\presentation\reports_screen.dart
DA:15,0
DA:16,0
DA:17,0
DA:18,0
DA:22,0
DA:23,0
DA:24,0
DA:25,0
DA:29,1
DA:31,0
DA:33,0
DA:35,0
DA:36,0
DA:38,0
DA:39,0
DA:41,0
DA:42,0
DA:43,0
DA:44,0
DA:45,0
DA:50,0
DA:51,0
DA:52,0
DA:53,0
DA:54,0
DA:58,0
DA:59,0
DA:60,0
DA:63,0
DA:66,0
DA:67,0
DA:68,0
DA:69,0
DA:71,0
DA:72,0
DA:73,0
DA:80,0
DA:81,0
DA:82,0
DA:83,0
DA:84,0
DA:86,0
DA:87,0
DA:88,0
DA:91,0
DA:97,0
DA:98,0
DA:99,0
DA:100,0
DA:101,0
DA:102,0
DA:104,0
DA:109,0
DA:110,0
LF:54
LH:1
end_of_record
SF:lib\src\features\routine_editor\presentation\routine_editor_screen.dart
DA:15,0
DA:16,0
DA:18,0
DA:19,0
DA:23,0
DA:26,0
DA:32,1
DA:34,0
DA:35,0
DA:43,0
DA:45,0
DA:47,0
DA:48,0
DA:54,0
DA:55,0
DA:56,0
DA:58,0
DA:59,0
DA:60,0
DA:61,0
DA:62,0
DA:64,0
DA:68,0
DA:69,0
DA:70,0
DA:72,0
DA:73,0
DA:74,0
DA:76,0
DA:77,0
DA:78,0
DA:81,0
DA:82,0
DA:84,0
DA:85,0
DA:88,0
DA:89,0
DA:91,0
DA:97,0
DA:98,0
DA:100,0
DA:104,0
DA:105,0
DA:106,0
DA:107,0
DA:112,0
DA:114,0
DA:116,0
DA:117,0
DA:132,0
DA:135,0
DA:136,0
DA:141,0
DA:142,0
DA:145,0
DA:146,0
DA:147,0
DA:148,0
DA:149,0
DA:151,0
DA:152,0
DA:153,0
DA:154,0
DA:156,0
DA:157,0
DA:159,0
DA:161,0
DA:163,0
DA:170,0
DA:171,0
DA:172,0
DA:173,0
DA:175,0
DA:176,0
DA:182,0
DA:183,0
DA:186,0
DA:188,0
DA:189,0
DA:190,0
DA:191,0
DA:192,0
DA:193,0
DA:195,0
DA:197,0
DA:199,0
DA:206,0
DA:207,0
DA:208,0
DA:211,0
DA:212,0
DA:213,0
DA:214,0
DA:215,0
DA:217,0
DA:219,0
DA:220,0
DA:226,0
DA:227,0
DA:229,0
DA:230,0
DA:231,0
DA:232,0
DA:234,0
DA:235,0
DA:236,0
DA:238,0
DA:239,0
DA:240,0
DA:253,0
DA:255,0
DA:256,0
DA:264,0
DA:266,0
DA:267,0
DA:268,0
DA:271,0
DA:273,0
DA:274,0
DA:275,0
DA:276,0
DA:277,0
DA:279,0
DA:280,0
DA:281,0
DA:283,0
DA:284,0
DA:285,0
DA:288,0
DA:289,0
DA:292,0
DA:293,0
DA:296,0
DA:301,0
DA:306,0
DA:307,0
DA:308,0
DA:311,0
DA:312,0
DA:313,0
DA:314,0
DA:315,0
DA:316,0
DA:317,0
DA:318,0
DA:319,0
DA:320,0
DA:321,0
LF:148
LH:1
end_of_record
SF:lib\src\core\services\download_service.dart
DA:4,0
DA:6,0
DA:9,0
DA:12,0
DA:15,0
DA:16,0
DA:17,0
DA:20,0
LF:8
LH:0
end_of_record
